23:43:36.116 [main] INFO  keywords.CommonActionKeywords - *******************************************************************************************************
23:43:36.129 [main] INFO  keywords.CommonActionKeywords - *********************** Default suite Execution Started **********************
23:43:36.147 [main] INFO  keywords.CommonActionKeywords - Sun Sep 05 23:43:34 IST 2021
23:43:36.147 [main] INFO  keywords.CommonActionKeywords - *******************************************************************************************************
23:43:36.150 [main] INFO  demoWebShop.Base - getTestDataProperties-->Loading property: USER_EMAIL from testdata.properties
23:43:36.152 [main] INFO  demoWebShop.Base - getTestDataProperties-->Loading property: USER_PASSWORD from testdata.properties
23:43:36.153 [main] INFO  demoWebShop.Base - getEnvProperties-->loading property: Browser from environment.properties
23:43:36.154 [main] INFO  demoWebShop.Base - getEnvProperties-->loading property: URL_IN_USE from environment.properties
23:43:36.155 [main] INFO  demoWebShop.Base - getEnvProperties-->loading property: Implicit_Wait_Time from environment.properties
23:43:36.155 [main] INFO  demoWebShop.Base - getEnvProperties-->loading property: Explicit_Wait_Time from environment.properties
23:43:36.157 [main] INFO  demoWebShop.Base - getEnvProperties-->loading property: userName from environment.properties
23:43:36.158 [main] INFO  demoWebShop.Base - getEnvProperties-->loading property: passWord from environment.properties
23:43:36.160 [main] INFO  demoWebShop.Base - getEnvProperties-->loading property: emailId from environment.properties
23:43:36.161 [main] INFO  demoWebShop.Base - getEnvProperties-->loading property: URL_IN_USE from environment.properties
23:43:36.162 [main] INFO  demoWebShop.Base - getEnvProperties-->loading property: App_Direct_URL from environment.properties
23:43:36.163 [main] INFO  demoWebShop.Base - getProperties-->loading property: Screenshot_Archive_Days from environment.properties
23:43:36.164 [main] INFO  demoWebShop.Base - getProperties-->loading property: Screenshot_Location from environment.properties
23:43:39.486 [main] INFO  keywords.CommonActionKeywords - Driver initiaized successfully
23:44:15.415 [main] INFO  keywords.CommonActionKeywords - Logging with user name: user1lname@gmail.com
23:45:38.803 [main] INFO  utilities.Log - Application launched successfully
23:45:38.813 [main] INFO  demoWebShop.Base - getProperties-->loading property: TestReport_Folder from environment.properties
23:45:39.050 [main] INFO  demoWebShop.Base - getProperties-->loading property: Environment from environment.properties
23:45:39.059 [main] INFO  keywords.CommonActionKeywords - Closing all the browsers
23:45:39.749 [main] INFO  utilities.Log - Application closed successfully
23:45:39.750 [main] ERROR utilities.Log - closeBrowserError closing the browser.--> java.lang.NullPointerException: Cannot invoke "com.aventstack.extentreports.ExtentTest.log(com.aventstack.extentreports.Status, String)" because the return value of "utilities.ExtentTestManager.getTest()" is null
23:45:39.822 [main] INFO  keywords.CommonActionKeywords - Test Cases Passed: [ResultMap map=[]]
23:45:39.841 [main] INFO  keywords.CommonActionKeywords - Test Cases Failed: [ResultMap map=[[TestResult name=registerPageTest status=FAILURE method=S100_testRegisterUser.registerPageTest()[pri:0, instance:registerUser.S100_testRegisterUser@30f5a68a] output={null}]]]
23:45:39.842 [main] INFO  keywords.CommonActionKeywords - *****************************************************************************************************
23:45:39.844 [main] INFO  keywords.CommonActionKeywords - Test Case execution report available at: ./TestReportdemoWebUI_ExecutionReport05Sept21_2345.html
23:45:39.846 [main] INFO  keywords.CommonActionKeywords - Execution completed: 2021-09-05T23:45:39.761+0530
23:45:39.846 [main] INFO  keywords.CommonActionKeywords - *****************************************************************************************************
