23:09:26.962 [main] INFO  keywords.CommonActionKeywords - *******************************************************************************************************
23:09:26.976 [main] INFO  keywords.CommonActionKeywords - *********************** Default suite Execution Started **********************
23:09:26.995 [main] INFO  keywords.CommonActionKeywords - Sun Sep 05 23:09:25 IST 2021
23:09:26.995 [main] INFO  keywords.CommonActionKeywords - *******************************************************************************************************
23:09:26.999 [main] INFO  demoWebShop.Base - getTestDataProperties-->Loading property: USER_EMAIL from testdata.properties
23:09:27.000 [main] INFO  demoWebShop.Base - getTestDataProperties-->Loading property: USER_PASSWORD from testdata.properties
23:09:27.008 [main] INFO  demoWebShop.Base - getEnvProperties-->loading property: Browser from environment.properties
23:09:27.009 [main] INFO  demoWebShop.Base - getEnvProperties-->loading property: URL_IN_USE from environment.properties
23:09:27.010 [main] INFO  demoWebShop.Base - getEnvProperties-->loading property: Implicit_Wait_Time from environment.properties
23:09:27.011 [main] INFO  demoWebShop.Base - getEnvProperties-->loading property: Explicit_Wait_Time from environment.properties
23:09:27.012 [main] INFO  demoWebShop.Base - getEnvProperties-->loading property: userName from environment.properties
23:09:27.013 [main] INFO  demoWebShop.Base - getEnvProperties-->loading property: passWord from environment.properties
23:09:27.014 [main] INFO  demoWebShop.Base - getEnvProperties-->loading property: emailId from environment.properties
23:09:27.015 [main] INFO  demoWebShop.Base - getEnvProperties-->loading property: URL_IN_USE from environment.properties
23:09:27.016 [main] INFO  demoWebShop.Base - getEnvProperties-->loading property: App_Direct_URL from environment.properties
23:09:27.019 [main] INFO  demoWebShop.Base - getProperties-->loading property: Screenshot_Archive_Days from environment.properties
23:09:27.020 [main] INFO  demoWebShop.Base - getProperties-->loading property: Screenshot_Location from environment.properties
23:09:34.069 [main] INFO  keywords.CommonActionKeywords - Driver initiaized successfully
23:09:38.224 [main] INFO  keywords.CommonActionKeywords - Logging with user name: user1lname@gmail.com
23:09:48.828 [main] INFO  utilities.Log - Application launched successfully
23:09:48.835 [main] INFO  demoWebShop.Base - getProperties-->loading property: TestReport_Folder from environment.properties
23:09:49.048 [main] INFO  demoWebShop.Base - getProperties-->loading property: Environment from environment.properties
23:09:49.059 [main] INFO  keywords.CommonActionKeywords - Closing all the browsers
23:09:49.760 [main] INFO  utilities.Log - Application closed successfully
23:09:49.761 [main] ERROR utilities.Log - closeBrowserError closing the browser.--> java.lang.NullPointerException: Cannot invoke "com.aventstack.extentreports.ExtentTest.log(com.aventstack.extentreports.Status, String)" because the return value of "utilities.ExtentTestManager.getTest()" is null
23:09:49.863 [main] INFO  keywords.CommonActionKeywords - Test Cases Passed: [ResultMap map=[]]
23:09:49.864 [main] INFO  keywords.CommonActionKeywords - Test Cases Failed: [ResultMap map=[[TestResult name=registerPageTest status=FAILURE method=S100_testRegisterUser.registerPageTest()[pri:0, instance:registerUser.S100_testRegisterUser@4c37b5b] output={null}]]]
23:09:49.865 [main] INFO  keywords.CommonActionKeywords - *****************************************************************************************************
23:09:49.865 [main] INFO  keywords.CommonActionKeywords - Test Case execution report available at: ./TestReportdemoWebUI_ExecutionReport05Sept21_2309.html
23:09:49.867 [main] INFO  keywords.CommonActionKeywords - Execution completed: 2021-09-05T23:09:49.784+0530
23:09:49.867 [main] INFO  keywords.CommonActionKeywords - *****************************************************************************************************
