17:47:09.620 [main] INFO  keywords.CommonActionKeywords - *******************************************************************************************************
17:47:09.633 [main] INFO  keywords.CommonActionKeywords - *********************** Default suite Execution Started **********************
17:47:09.650 [main] INFO  keywords.CommonActionKeywords - Sun Aug 22 17:47:08 IST 2021
17:47:09.650 [main] INFO  keywords.CommonActionKeywords - *******************************************************************************************************
17:47:09.654 [main] INFO  demoWebShop.Base - getTestDataProperties-->Loading property: USER_EMAIL from testdata.properties
17:47:09.655 [main] INFO  demoWebShop.Base - getTestDataProperties-->Loading property: USER_PASSWORD from testdata.properties
17:47:09.657 [main] INFO  demoWebShop.Base - getEnvProperties-->loading property: Browser from environment.properties
17:47:09.658 [main] INFO  demoWebShop.Base - getEnvProperties-->loading property: URL_IN_USE from environment.properties
17:47:09.659 [main] INFO  demoWebShop.Base - getEnvProperties-->loading property: Implicit_Wait_Time from environment.properties
17:47:09.660 [main] INFO  demoWebShop.Base - getEnvProperties-->loading property: Explicit_Wait_Time from environment.properties
17:47:09.661 [main] INFO  demoWebShop.Base - getEnvProperties-->loading property: userName from environment.properties
17:47:09.662 [main] INFO  demoWebShop.Base - getEnvProperties-->loading property: passWord from environment.properties
17:47:09.664 [main] INFO  demoWebShop.Base - getEnvProperties-->loading property: emailId from environment.properties
17:47:09.665 [main] INFO  demoWebShop.Base - getEnvProperties-->loading property: URL_IN_USE from environment.properties
17:47:09.665 [main] INFO  demoWebShop.Base - getEnvProperties-->loading property: App_Direct_URL from environment.properties
17:47:09.666 [main] INFO  demoWebShop.Base - getProperties-->loading property: Screenshot_Archive_Days from environment.properties
17:47:09.667 [main] INFO  demoWebShop.Base - getProperties-->loading property: Screenshot_Location from environment.properties
17:47:13.183 [main] INFO  keywords.CommonActionKeywords - Driver initiaized successfully
17:47:16.497 [main] INFO  keywords.CommonActionKeywords - Logging with user name: user1lname@gmail.com
17:47:19.163 [main] INFO  utilities.Log - Application launched successfully
17:47:19.167 [main] INFO  demoWebShop.Base - getProperties-->loading property: TestReport_Folder from environment.properties
17:47:19.401 [main] INFO  demoWebShop.Base - getProperties-->loading property: Environment from environment.properties
17:47:19.410 [main] INFO  keywords.CommonActionKeywords - Closing all the browsers
17:47:20.260 [main] INFO  utilities.Log - Application closed successfully
17:47:20.262 [main] ERROR utilities.Log - closeBrowserError closing the browser.-->java.lang.NullPointerException: Cannot invoke "com.aventstack.extentreports.ExtentTest.log(com.aventstack.extentreports.Status, String)" because the return value of "utilities.ExtentTestManager.getTest()" is null
17:47:20.347 [main] INFO  keywords.CommonActionKeywords - Test Cases Passed: [ResultMap map=[]]
17:47:20.348 [main] INFO  keywords.CommonActionKeywords - Test Cases Failed: [ResultMap map=[[TestResult name=registerPageTest status=FAILURE method=S100_testRegisterUser.registerPageTest()[pri:0, instance:registerUser.S100_testRegisterUser@71b3bc45] output={null}]]]
17:47:20.349 [main] INFO  keywords.CommonActionKeywords - *****************************************************************************************************
17:47:20.349 [main] INFO  keywords.CommonActionKeywords - Test Case execution report available at: ./TestReportdemoWebUI_ExecutionReport22Aug21_1747.html
17:47:20.350 [main] INFO  keywords.CommonActionKeywords - Execution completed: 2021-08-22T17:47:20.276+0530
17:47:20.350 [main] INFO  keywords.CommonActionKeywords - *****************************************************************************************************
