19:40:17.557 [main] INFO  keywords.CommonActionKeywords - *******************************************************************************************************
19:40:17.570 [main] INFO  keywords.CommonActionKeywords - *********************** Default suite Execution Started **********************
19:40:17.589 [main] INFO  keywords.CommonActionKeywords - Sun Aug 29 19:40:16 IST 2021
19:40:17.589 [main] INFO  keywords.CommonActionKeywords - *******************************************************************************************************
19:40:17.624 [main] INFO  demoWebShop.Base - getTestDataProperties-->Loading property: USER_EMAIL from testdata.properties
19:40:17.642 [main] INFO  demoWebShop.Base - getTestDataProperties-->Loading property: USER_PASSWORD from testdata.properties
19:40:17.643 [main] INFO  demoWebShop.Base - getEnvProperties-->loading property: Browser from environment.properties
19:40:17.645 [main] INFO  demoWebShop.Base - getEnvProperties-->loading property: URL_IN_USE from environment.properties
19:40:17.646 [main] INFO  demoWebShop.Base - getEnvProperties-->loading property: Implicit_Wait_Time from environment.properties
19:40:17.647 [main] INFO  demoWebShop.Base - getEnvProperties-->loading property: Explicit_Wait_Time from environment.properties
19:40:17.648 [main] INFO  demoWebShop.Base - getEnvProperties-->loading property: userName from environment.properties
19:40:17.649 [main] INFO  demoWebShop.Base - getEnvProperties-->loading property: passWord from environment.properties
19:40:17.650 [main] INFO  demoWebShop.Base - getEnvProperties-->loading property: emailId from environment.properties
19:40:17.650 [main] INFO  demoWebShop.Base - getEnvProperties-->loading property: URL_IN_USE from environment.properties
19:40:17.651 [main] INFO  demoWebShop.Base - getEnvProperties-->loading property: App_Direct_URL from environment.properties
19:40:17.652 [main] INFO  demoWebShop.Base - getProperties-->loading property: Screenshot_Archive_Days from environment.properties
19:40:17.653 [main] INFO  demoWebShop.Base - getProperties-->loading property: Screenshot_Location from environment.properties
19:40:24.081 [main] INFO  keywords.CommonActionKeywords - Driver initiaized successfully
19:40:27.323 [main] INFO  keywords.CommonActionKeywords - Logging with user name: user1lname@gmail.com
19:40:35.604 [main] INFO  utilities.Log - Application launched successfully
19:40:35.640 [main] INFO  demoWebShop.Base - getProperties-->loading property: TestReport_Folder from environment.properties
19:40:36.014 [main] INFO  demoWebShop.Base - getProperties-->loading property: Environment from environment.properties
19:40:36.034 [main] INFO  keywords.CommonActionKeywords - Closing all the browsers
19:40:36.711 [main] INFO  utilities.Log - Application closed successfully
19:40:36.711 [main] ERROR utilities.Log - closeBrowserError closing the browser.--> java.lang.NullPointerException: Cannot invoke "com.aventstack.extentreports.ExtentTest.log(com.aventstack.extentreports.Status, String)" because the return value of "utilities.ExtentTestManager.getTest()" is null
19:40:36.800 [main] INFO  keywords.CommonActionKeywords - Test Cases Passed: [ResultMap map=[]]
19:40:36.803 [main] INFO  keywords.CommonActionKeywords - Test Cases Failed: [ResultMap map=[[TestResult name=registerPageTest status=FAILURE method=S100_testRegisterUser.registerPageTest()[pri:0, instance:registerUser.S100_testRegisterUser@4e28bdd1] output={null}]]]
19:40:36.804 [main] INFO  keywords.CommonActionKeywords - *****************************************************************************************************
19:40:36.805 [main] INFO  keywords.CommonActionKeywords - Test Case execution report available at: ./TestReport/demoWebUI_ExecutionReport29Aug21_1940.html
19:40:36.812 [main] INFO  keywords.CommonActionKeywords - Execution completed: 2021-08-29T19:40:36.725+0530
19:40:36.813 [main] INFO  keywords.CommonActionKeywords - *****************************************************************************************************
